2026-02-16 17:34:25 +09:00: [baseline-browser-mapping] The data in this module is over two months old.  To ensure accurate Baseline data, please update: `npm i baseline-browser-mapping@latest -D`
2026-02-16 17:34:25 +09:00:  ⚠ Warning: Next.js inferred your workspace root, but it may not be correct.
2026-02-16 17:34:25 +09:00:  We detected multiple lockfiles and selected the directory of /Users/nabongsun/sideProject/package-lock.json as the root directory.
2026-02-16 17:34:25 +09:00:  To silence this warning, set `outputFileTracingRoot` in your Next.js config, or consider removing one of the lockfiles if it's not needed.
2026-02-16 17:34:25 +09:00:    See https://nextjs.org/docs/app/api-reference/config/next-config-js/output#caveats for more information.
2026-02-16 17:34:25 +09:00:  Detected additional lockfiles: 
2026-02-16 17:34:25 +09:00:    * /Users/nabongsun/sideProject/WWE/package-lock.json
2026-02-16 17:34:25 +09:00: 
2026-02-16 17:35:52 +09:00: Database query error: Error: Table 'wwe_db.T_심법' doesn't exist
2026-02-16 17:35:52 +09:00:     at n.execute (.next/server/chunks/[root-of-the-server]__f01a33ce._.js:5:270869)
2026-02-16 17:35:52 +09:00:     at i (.next/server/chunks/[root-of-the-server]__f01a33ce._.js:5:281225)
2026-02-16 17:35:52 +09:00:     at r.findAll (.next/server/chunks/[root-of-the-server]__7f053296._.js:1:1274)
2026-02-16 17:35:52 +09:00:     at a.getAll (.next/server/chunks/[root-of-the-server]__7f053296._.js:28:398)
2026-02-16 17:35:52 +09:00:     at v (.next/server/chunks/[root-of-the-server]__60b7fd1b._.js:28:1129) {
2026-02-16 17:35:52 +09:00:   code: 'ER_NO_SUCH_TABLE',
2026-02-16 17:35:52 +09:00:   errno: 1146,
2026-02-16 17:35:52 +09:00:   sql: 'SELECT \n' +
2026-02-16 17:35:52 +09:00:     '        s.유파_code,\n' +
2026-02-16 17:35:52 +09:00:     '        UDF_BaseCode(s.유파_code, ?) AS 유파,\n' +
2026-02-16 17:35:52 +09:00:     '        UDF_BaseCode(s.title, ?) AS 심법명,\n' +
2026-02-16 17:35:52 +09:00:     '        s.순서,\n' +
2026-02-16 17:35:52 +09:00:     '        s.등급,\n' +
2026-02-16 17:35:52 +09:00:     '        심법_이미지.img_path AS 심법_이미지_url,\n' +
2026-02-16 17:35:52 +09:00:     '        유파_이미지.img_path AS 유파_이미지_url\n' +
2026-02-16 17:35:52 +09:00:     '      FROM T_심법 s\n' +
2026-02-16 17:35:52 +09:00:     '      LEFT JOIN T_이미지 심법_이미지 ON s.img = 심법_이미지.id\n' +
2026-02-16 17:35:52 +09:00:     '      LEFT JOIN T_이미지 유파_이미지 ON s.유파_code = 유파_이미지.code\n' +
2026-02-16 17:35:52 +09:00:     '      ORDER BY s.유파_code, s.순서 ASC, s.created_at DESC',
2026-02-16 17:35:52 +09:00:   sqlState: '42S02',
2026-02-16 17:35:52 +09:00:   sqlMessage: "Table 'wwe_db.T_심법' doesn't exist"
2026-02-16 17:35:52 +09:00: }
2026-02-16 17:35:52 +09:00: [API 500] Table 'wwe_db.T_심법' doesn't exist
2026-02-16 17:35:52 +09:00: Database query error: Error: Table 'wwe_db.T_CodeBase' doesn't exist
2026-02-16 17:35:52 +09:00:     at n.execute (.next/server/chunks/[root-of-the-server]__f01a33ce._.js:5:270869)
2026-02-16 17:35:52 +09:00:     at i (.next/server/chunks/[root-of-the-server]__f01a33ce._.js:5:281225)
2026-02-16 17:35:52 +09:00:     at w.findAll (.next/server/chunks/[root-of-the-server]__c902c7d3._.js:1:1517)
2026-02-16 17:35:52 +09:00:     at y.getAllExceptCommon (.next/server/chunks/[root-of-the-server]__c902c7d3._.js:6:230)
2026-02-16 17:35:52 +09:00:     at C (.next/server/chunks/[root-of-the-server]__c902c7d3._.js:6:346) {
2026-02-16 17:35:52 +09:00:   code: 'ER_NO_SUCH_TABLE',
2026-02-16 17:35:52 +09:00:   errno: 1146,
2026-02-16 17:35:52 +09:00:   sql: 'SELECT \n' +
2026-02-16 17:35:52 +09:00:     '        code,\n' +
2026-02-16 17:35:52 +09:00:     '        UDF_BaseCode(code, ?) AS name\n' +
2026-02-16 17:35:52 +09:00:     '      FROM T_CodeBase\n' +
2026-02-16 17:35:52 +09:00:     "      WHERE code LIKE '1001%' AND lang = ?\n" +
2026-02-16 17:35:52 +09:00:     '      ORDER BY code ASC',
2026-02-16 17:35:52 +09:00:   sqlState: '42S02',
2026-02-16 17:35:52 +09:00:   sqlMessage: "Table 'wwe_db.T_CodeBase' doesn't exist"
2026-02-16 17:35:52 +09:00: }
2026-02-16 17:35:52 +09:00: [API 500] Table 'wwe_db.T_CodeBase' doesn't exist
2026-02-16 17:35:54 +09:00: Database query error: Error: Table 'wwe_db.T_CodeBase' doesn't exist
2026-02-16 17:35:54 +09:00:     at n.execute (.next/server/chunks/[root-of-the-server]__f01a33ce._.js:5:270869)
2026-02-16 17:35:54 +09:00:     at i (.next/server/chunks/[root-of-the-server]__f01a33ce._.js:5:281225)
2026-02-16 17:35:54 +09:00:     at w.findAll (.next/server/chunks/[root-of-the-server]__c902c7d3._.js:1:1517)
2026-02-16 17:35:54 +09:00:     at y.getAllExceptCommon (.next/server/chunks/[root-of-the-server]__c902c7d3._.js:6:230)
2026-02-16 17:35:54 +09:00:     at C (.next/server/chunks/[root-of-the-server]__c902c7d3._.js:6:346) {
2026-02-16 17:35:54 +09:00:   code: 'ER_NO_SUCH_TABLE',
2026-02-16 17:35:54 +09:00:   errno: 1146,
2026-02-16 17:35:54 +09:00:   sql: 'SELECT \n' +
2026-02-16 17:35:54 +09:00:     '        code,\n' +
2026-02-16 17:35:54 +09:00:     '        UDF_BaseCode(code, ?) AS name\n' +
2026-02-16 17:35:54 +09:00:     '      FROM T_CodeBase\n' +
2026-02-16 17:35:54 +09:00:     "      WHERE code LIKE '1001%' AND lang = ?\n" +
2026-02-16 17:35:54 +09:00:     '      ORDER BY code ASC',
2026-02-16 17:35:54 +09:00:   sqlState: '42S02',
2026-02-16 17:35:54 +09:00:   sqlMessage: "Table 'wwe_db.T_CodeBase' doesn't exist"
2026-02-16 17:35:54 +09:00: }
2026-02-16 17:35:54 +09:00: [API 500] Table 'wwe_db.T_CodeBase' doesn't exist
2026-02-16 17:35:54 +09:00: Database query error: Error: Table 'wwe_db.T_심법' doesn't exist
2026-02-16 17:35:54 +09:00:     at n.execute (.next/server/chunks/[root-of-the-server]__f01a33ce._.js:5:270869)
2026-02-16 17:35:54 +09:00:     at i (.next/server/chunks/[root-of-the-server]__f01a33ce._.js:5:281225)
2026-02-16 17:35:54 +09:00:     at r.findAll (.next/server/chunks/[root-of-the-server]__7f053296._.js:1:1274)
2026-02-16 17:35:54 +09:00:     at a.getAll (.next/server/chunks/[root-of-the-server]__7f053296._.js:28:398)
2026-02-16 17:35:54 +09:00:     at v (.next/server/chunks/[root-of-the-server]__60b7fd1b._.js:28:1129) {
2026-02-16 17:35:54 +09:00:   code: 'ER_NO_SUCH_TABLE',
2026-02-16 17:35:54 +09:00:   errno: 1146,
2026-02-16 17:35:54 +09:00:   sql: 'SELECT \n' +
2026-02-16 17:35:54 +09:00:     '        s.유파_code,\n' +
2026-02-16 17:35:54 +09:00:     '        UDF_BaseCode(s.유파_code, ?) AS 유파,\n' +
2026-02-16 17:35:54 +09:00:     '        UDF_BaseCode(s.title, ?) AS 심법명,\n' +
2026-02-16 17:35:54 +09:00:     '        s.순서,\n' +
2026-02-16 17:35:54 +09:00:     '        s.등급,\n' +
2026-02-16 17:35:54 +09:00:     '        심법_이미지.img_path AS 심법_이미지_url,\n' +
2026-02-16 17:35:54 +09:00:     '        유파_이미지.img_path AS 유파_이미지_url\n' +
2026-02-16 17:35:54 +09:00:     '      FROM T_심법 s\n' +
2026-02-16 17:35:54 +09:00:     '      LEFT JOIN T_이미지 심법_이미지 ON s.img = 심법_이미지.id\n' +
2026-02-16 17:35:54 +09:00:     '      LEFT JOIN T_이미지 유파_이미지 ON s.유파_code = 유파_이미지.code\n' +
2026-02-16 17:35:54 +09:00:     '      ORDER BY s.유파_code, s.순서 ASC, s.created_at DESC',
2026-02-16 17:35:54 +09:00:   sqlState: '42S02',
2026-02-16 17:35:54 +09:00:   sqlMessage: "Table 'wwe_db.T_심법' doesn't exist"
2026-02-16 17:35:54 +09:00: }
2026-02-16 17:35:54 +09:00: [API 500] Table 'wwe_db.T_심법' doesn't exist
2026-02-16 20:20:27 +09:00: Database query error: Error: Table 'wwe_db.T_CodeBase' doesn't exist
2026-02-16 20:20:27 +09:00:     at n.execute (.next/server/chunks/[root-of-the-server]__f01a33ce._.js:5:270869)
2026-02-16 20:20:27 +09:00:     at i (.next/server/chunks/[root-of-the-server]__f01a33ce._.js:5:281225)
2026-02-16 20:20:27 +09:00:     at w.findAll (.next/server/chunks/[root-of-the-server]__c902c7d3._.js:1:1517)
2026-02-16 20:20:27 +09:00:     at y.getAllExceptCommon (.next/server/chunks/[root-of-the-server]__c902c7d3._.js:6:230)
2026-02-16 20:20:27 +09:00:     at C (.next/server/chunks/[root-of-the-server]__c902c7d3._.js:6:346) {
2026-02-16 20:20:27 +09:00:   code: 'ER_NO_SUCH_TABLE',
2026-02-16 20:20:27 +09:00:   errno: 1146,
2026-02-16 20:20:27 +09:00:   sql: 'SELECT \n' +
2026-02-16 20:20:27 +09:00:     '        code,\n' +
2026-02-16 20:20:27 +09:00:     '        UDF_BaseCode(code, ?) AS name\n' +
2026-02-16 20:20:27 +09:00:     '      FROM T_CodeBase\n' +
2026-02-16 20:20:27 +09:00:     "      WHERE code LIKE '1001%' AND lang = ?\n" +
2026-02-16 20:20:27 +09:00:     '      ORDER BY code ASC',
2026-02-16 20:20:27 +09:00:   sqlState: '42S02',
2026-02-16 20:20:27 +09:00:   sqlMessage: "Table 'wwe_db.T_CodeBase' doesn't exist"
2026-02-16 20:20:27 +09:00: }
2026-02-16 20:20:27 +09:00: [API 500] Table 'wwe_db.T_CodeBase' doesn't exist
2026-02-16 20:20:27 +09:00: Database query error: Error: Table 'wwe_db.T_심법' doesn't exist
2026-02-16 20:20:27 +09:00:     at n.execute (.next/server/chunks/[root-of-the-server]__f01a33ce._.js:5:270869)
2026-02-16 20:20:27 +09:00:     at i (.next/server/chunks/[root-of-the-server]__f01a33ce._.js:5:281225)
2026-02-16 20:20:27 +09:00:     at r.findAll (.next/server/chunks/[root-of-the-server]__7f053296._.js:1:1274)
2026-02-16 20:20:27 +09:00:     at a.getAll (.next/server/chunks/[root-of-the-server]__7f053296._.js:28:398)
2026-02-16 20:20:27 +09:00:     at v (.next/server/chunks/[root-of-the-server]__60b7fd1b._.js:28:1129) {
2026-02-16 20:20:27 +09:00:   code: 'ER_NO_SUCH_TABLE',
2026-02-16 20:20:27 +09:00:   errno: 1146,
2026-02-16 20:20:27 +09:00:   sql: 'SELECT \n' +
2026-02-16 20:20:27 +09:00:     '        s.유파_code,\n' +
2026-02-16 20:20:27 +09:00:     '        UDF_BaseCode(s.유파_code, ?) AS 유파,\n' +
2026-02-16 20:20:27 +09:00:     '        UDF_BaseCode(s.title, ?) AS 심법명,\n' +
2026-02-16 20:20:27 +09:00:     '        s.순서,\n' +
2026-02-16 20:20:27 +09:00:     '        s.등급,\n' +
2026-02-16 20:20:27 +09:00:     '        심법_이미지.img_path AS 심법_이미지_url,\n' +
2026-02-16 20:20:27 +09:00:     '        유파_이미지.img_path AS 유파_이미지_url\n' +
2026-02-16 20:20:27 +09:00:     '      FROM T_심법 s\n' +
2026-02-16 20:20:27 +09:00:     '      LEFT JOIN T_이미지 심법_이미지 ON s.img = 심법_이미지.id\n' +
2026-02-16 20:20:27 +09:00:     '      LEFT JOIN T_이미지 유파_이미지 ON s.유파_code = 유파_이미지.code\n' +
2026-02-16 20:20:27 +09:00:     '      ORDER BY s.유파_code, s.순서 ASC, s.created_at DESC',
2026-02-16 20:20:27 +09:00:   sqlState: '42S02',
2026-02-16 20:20:27 +09:00:   sqlMessage: "Table 'wwe_db.T_심법' doesn't exist"
2026-02-16 20:20:27 +09:00: }
2026-02-16 20:20:27 +09:00: [API 500] Table 'wwe_db.T_심법' doesn't exist
2026-02-16 20:20:28 +09:00: Database query error: Error: Table 'wwe_db.T_CodeBase' doesn't exist
2026-02-16 20:20:28 +09:00:     at n.execute (.next/server/chunks/[root-of-the-server]__f01a33ce._.js:5:270869)
2026-02-16 20:20:28 +09:00:     at i (.next/server/chunks/[root-of-the-server]__f01a33ce._.js:5:281225)
2026-02-16 20:20:28 +09:00:     at w.findAll (.next/server/chunks/[root-of-the-server]__c902c7d3._.js:1:1517)
2026-02-16 20:20:28 +09:00:     at y.getAllExceptCommon (.next/server/chunks/[root-of-the-server]__c902c7d3._.js:6:230)
2026-02-16 20:20:28 +09:00:     at C (.next/server/chunks/[root-of-the-server]__c902c7d3._.js:6:346) {
2026-02-16 20:20:28 +09:00:   code: 'ER_NO_SUCH_TABLE',
2026-02-16 20:20:28 +09:00:   errno: 1146,
2026-02-16 20:20:28 +09:00:   sql: 'SELECT \n' +
2026-02-16 20:20:28 +09:00:     '        code,\n' +
2026-02-16 20:20:28 +09:00:     '        UDF_BaseCode(code, ?) AS name\n' +
2026-02-16 20:20:28 +09:00:     '      FROM T_CodeBase\n' +
2026-02-16 20:20:28 +09:00:     "      WHERE code LIKE '1001%' AND lang = ?\n" +
2026-02-16 20:20:28 +09:00:     '      ORDER BY code ASC',
2026-02-16 20:20:28 +09:00:   sqlState: '42S02',
2026-02-16 20:20:28 +09:00:   sqlMessage: "Table 'wwe_db.T_CodeBase' doesn't exist"
2026-02-16 20:20:28 +09:00: }
2026-02-16 20:20:28 +09:00: [API 500] Table 'wwe_db.T_CodeBase' doesn't exist
2026-02-16 20:20:28 +09:00: Database query error: Error: Table 'wwe_db.T_심법' doesn't exist
2026-02-16 20:20:28 +09:00:     at n.execute (.next/server/chunks/[root-of-the-server]__f01a33ce._.js:5:270869)
2026-02-16 20:20:28 +09:00:     at i (.next/server/chunks/[root-of-the-server]__f01a33ce._.js:5:281225)
2026-02-16 20:20:28 +09:00:     at r.findAll (.next/server/chunks/[root-of-the-server]__7f053296._.js:1:1274)
2026-02-16 20:20:28 +09:00:     at a.getAll (.next/server/chunks/[root-of-the-server]__7f053296._.js:28:398)
2026-02-16 20:20:28 +09:00:     at v (.next/server/chunks/[root-of-the-server]__60b7fd1b._.js:28:1129) {
2026-02-16 20:20:28 +09:00:   code: 'ER_NO_SUCH_TABLE',
2026-02-16 20:20:28 +09:00:   errno: 1146,
2026-02-16 20:20:28 +09:00:   sql: 'SELECT \n' +
2026-02-16 20:20:28 +09:00:     '        s.유파_code,\n' +
2026-02-16 20:20:28 +09:00:     '        UDF_BaseCode(s.유파_code, ?) AS 유파,\n' +
2026-02-16 20:20:28 +09:00:     '        UDF_BaseCode(s.title, ?) AS 심법명,\n' +
2026-02-16 20:20:28 +09:00:     '        s.순서,\n' +
2026-02-16 20:20:28 +09:00:     '        s.등급,\n' +
2026-02-16 20:20:28 +09:00:     '        심법_이미지.img_path AS 심법_이미지_url,\n' +
2026-02-16 20:20:28 +09:00:     '        유파_이미지.img_path AS 유파_이미지_url\n' +
2026-02-16 20:20:28 +09:00:     '      FROM T_심법 s\n' +
2026-02-16 20:20:28 +09:00:     '      LEFT JOIN T_이미지 심법_이미지 ON s.img = 심법_이미지.id\n' +
2026-02-16 20:20:28 +09:00:     '      LEFT JOIN T_이미지 유파_이미지 ON s.유파_code = 유파_이미지.code\n' +
2026-02-16 20:20:28 +09:00:     '      ORDER BY s.유파_code, s.순서 ASC, s.created_at DESC',
2026-02-16 20:20:28 +09:00:   sqlState: '42S02',
2026-02-16 20:20:28 +09:00:   sqlMessage: "Table 'wwe_db.T_심법' doesn't exist"
2026-02-16 20:20:28 +09:00: }
2026-02-16 20:20:28 +09:00: [API 500] Table 'wwe_db.T_심법' doesn't exist
2026-02-16 20:20:29 +09:00: Database query error: Error: Table 'wwe_db.T_CodeBase' doesn't exist
2026-02-16 20:20:29 +09:00:     at n.execute (.next/server/chunks/[root-of-the-server]__f01a33ce._.js:5:270869)
2026-02-16 20:20:29 +09:00:     at i (.next/server/chunks/[root-of-the-server]__f01a33ce._.js:5:281225)
2026-02-16 20:20:29 +09:00:     at w.findAll (.next/server/chunks/[root-of-the-server]__c902c7d3._.js:1:1517)
2026-02-16 20:20:29 +09:00:     at y.getAllExceptCommon (.next/server/chunks/[root-of-the-server]__c902c7d3._.js:6:230)
2026-02-16 20:20:29 +09:00:     at C (.next/server/chunks/[root-of-the-server]__c902c7d3._.js:6:346) {
2026-02-16 20:20:29 +09:00:   code: 'ER_NO_SUCH_TABLE',
2026-02-16 20:20:29 +09:00:   errno: 1146,
2026-02-16 20:20:29 +09:00:   sql: 'SELECT \n' +
2026-02-16 20:20:29 +09:00:     '        code,\n' +
2026-02-16 20:20:29 +09:00:     '        UDF_BaseCode(code, ?) AS name\n' +
2026-02-16 20:20:29 +09:00:     '      FROM T_CodeBase\n' +
2026-02-16 20:20:29 +09:00:     "      WHERE code LIKE '1001%' AND lang = ?\n" +
2026-02-16 20:20:29 +09:00:     '      ORDER BY code ASC',
2026-02-16 20:20:29 +09:00:   sqlState: '42S02',
2026-02-16 20:20:29 +09:00:   sqlMessage: "Table 'wwe_db.T_CodeBase' doesn't exist"
2026-02-16 20:20:29 +09:00: }
2026-02-16 20:20:29 +09:00: [API 500] Table 'wwe_db.T_CodeBase' doesn't exist
2026-02-16 20:20:29 +09:00: Database query error: Error: Table 'wwe_db.T_심법' doesn't exist
2026-02-16 20:20:29 +09:00:     at n.execute (.next/server/chunks/[root-of-the-server]__f01a33ce._.js:5:270869)
2026-02-16 20:20:29 +09:00:     at i (.next/server/chunks/[root-of-the-server]__f01a33ce._.js:5:281225)
2026-02-16 20:20:29 +09:00:     at r.findAll (.next/server/chunks/[root-of-the-server]__7f053296._.js:1:1274)
2026-02-16 20:20:29 +09:00:     at a.getAll (.next/server/chunks/[root-of-the-server]__7f053296._.js:28:398)
2026-02-16 20:20:29 +09:00:     at v (.next/server/chunks/[root-of-the-server]__60b7fd1b._.js:28:1129) {
2026-02-16 20:20:29 +09:00:   code: 'ER_NO_SUCH_TABLE',
2026-02-16 20:20:29 +09:00:   errno: 1146,
2026-02-16 20:20:29 +09:00:   sql: 'SELECT \n' +
2026-02-16 20:20:29 +09:00:     '        s.유파_code,\n' +
2026-02-16 20:20:29 +09:00:     '        UDF_BaseCode(s.유파_code, ?) AS 유파,\n' +
2026-02-16 20:20:29 +09:00:     '        UDF_BaseCode(s.title, ?) AS 심법명,\n' +
2026-02-16 20:20:29 +09:00:     '        s.순서,\n' +
2026-02-16 20:20:29 +09:00:     '        s.등급,\n' +
2026-02-16 20:20:29 +09:00:     '        심법_이미지.img_path AS 심법_이미지_url,\n' +
2026-02-16 20:20:29 +09:00:     '        유파_이미지.img_path AS 유파_이미지_url\n' +
2026-02-16 20:20:29 +09:00:     '      FROM T_심법 s\n' +
2026-02-16 20:20:29 +09:00:     '      LEFT JOIN T_이미지 심법_이미지 ON s.img = 심법_이미지.id\n' +
2026-02-16 20:20:29 +09:00:     '      LEFT JOIN T_이미지 유파_이미지 ON s.유파_code = 유파_이미지.code\n' +
2026-02-16 20:20:29 +09:00:     '      ORDER BY s.유파_code, s.순서 ASC, s.created_at DESC',
2026-02-16 20:20:29 +09:00:   sqlState: '42S02',
2026-02-16 20:20:29 +09:00:   sqlMessage: "Table 'wwe_db.T_심법' doesn't exist"
2026-02-16 20:20:29 +09:00: }
2026-02-16 20:20:29 +09:00: [API 500] Table 'wwe_db.T_심법' doesn't exist
2026-02-18 13:58:56 +09:00: Database query error: Error: Table 'wwe_db.T_CodeBase' doesn't exist
2026-02-18 13:58:56 +09:00:     at n.execute (.next/server/chunks/[root-of-the-server]__f01a33ce._.js:5:270869)
2026-02-18 13:58:56 +09:00:     at i (.next/server/chunks/[root-of-the-server]__f01a33ce._.js:5:281225)
2026-02-18 13:58:56 +09:00:     at w.findAll (.next/server/chunks/[root-of-the-server]__c902c7d3._.js:1:1517)
2026-02-18 13:58:56 +09:00:     at y.getAllExceptCommon (.next/server/chunks/[root-of-the-server]__c902c7d3._.js:6:230)
2026-02-18 13:58:56 +09:00:     at C (.next/server/chunks/[root-of-the-server]__c902c7d3._.js:6:346) {
2026-02-18 13:58:56 +09:00:   code: 'ER_NO_SUCH_TABLE',
2026-02-18 13:58:56 +09:00:   errno: 1146,
2026-02-18 13:58:56 +09:00:   sql: 'SELECT \n' +
2026-02-18 13:58:56 +09:00:     '        code,\n' +
2026-02-18 13:58:56 +09:00:     '        UDF_BaseCode(code, ?) AS name\n' +
2026-02-18 13:58:56 +09:00:     '      FROM T_CodeBase\n' +
2026-02-18 13:58:56 +09:00:     "      WHERE code LIKE '1001%' AND lang = ?\n" +
2026-02-18 13:58:56 +09:00:     '      ORDER BY code ASC',
2026-02-18 13:58:56 +09:00:   sqlState: '42S02',
2026-02-18 13:58:56 +09:00:   sqlMessage: "Table 'wwe_db.T_CodeBase' doesn't exist"
2026-02-18 13:58:56 +09:00: }
2026-02-18 13:58:56 +09:00: [API 500] Table 'wwe_db.T_CodeBase' doesn't exist
2026-02-18 13:58:56 +09:00: Database query error: Error: Table 'wwe_db.T_심법' doesn't exist
2026-02-18 13:58:56 +09:00:     at n.execute (.next/server/chunks/[root-of-the-server]__f01a33ce._.js:5:270869)
2026-02-18 13:58:56 +09:00:     at i (.next/server/chunks/[root-of-the-server]__f01a33ce._.js:5:281225)
2026-02-18 13:58:56 +09:00:     at r.findAll (.next/server/chunks/[root-of-the-server]__7f053296._.js:1:1274)
2026-02-18 13:58:56 +09:00:     at a.getAll (.next/server/chunks/[root-of-the-server]__7f053296._.js:28:398)
2026-02-18 13:58:56 +09:00:     at v (.next/server/chunks/[root-of-the-server]__60b7fd1b._.js:28:1129) {
2026-02-18 13:58:56 +09:00:   code: 'ER_NO_SUCH_TABLE',
2026-02-18 13:58:56 +09:00:   errno: 1146,
2026-02-18 13:58:56 +09:00:   sql: 'SELECT \n' +
2026-02-18 13:58:56 +09:00:     '        s.유파_code,\n' +
2026-02-18 13:58:56 +09:00:     '        UDF_BaseCode(s.유파_code, ?) AS 유파,\n' +
2026-02-18 13:58:56 +09:00:     '        UDF_BaseCode(s.title, ?) AS 심법명,\n' +
2026-02-18 13:58:56 +09:00:     '        s.순서,\n' +
2026-02-18 13:58:56 +09:00:     '        s.등급,\n' +
2026-02-18 13:58:56 +09:00:     '        심법_이미지.img_path AS 심법_이미지_url,\n' +
2026-02-18 13:58:56 +09:00:     '        유파_이미지.img_path AS 유파_이미지_url\n' +
2026-02-18 13:58:56 +09:00:     '      FROM T_심법 s\n' +
2026-02-18 13:58:56 +09:00:     '      LEFT JOIN T_이미지 심법_이미지 ON s.img = 심법_이미지.id\n' +
2026-02-18 13:58:56 +09:00:     '      LEFT JOIN T_이미지 유파_이미지 ON s.유파_code = 유파_이미지.code\n' +
2026-02-18 13:58:56 +09:00:     '      ORDER BY s.유파_code, s.순서 ASC, s.created_at DESC',
2026-02-18 13:58:56 +09:00:   sqlState: '42S02',
2026-02-18 13:58:56 +09:00:   sqlMessage: "Table 'wwe_db.T_심법' doesn't exist"
2026-02-18 13:58:56 +09:00: }
2026-02-18 13:58:56 +09:00: [API 500] Table 'wwe_db.T_심법' doesn't exist
2026-02-18 14:01:29 +09:00: Database query error: Error: FUNCTION wwe_db.UDF_BaseCode does not exist
2026-02-18 14:01:29 +09:00:     at n.execute (.next/server/chunks/[root-of-the-server]__f01a33ce._.js:5:270869)
2026-02-18 14:01:29 +09:00:     at i (.next/server/chunks/[root-of-the-server]__f01a33ce._.js:5:281225)
2026-02-18 14:01:29 +09:00:     at w.findAll (.next/server/chunks/[root-of-the-server]__c902c7d3._.js:1:1517)
2026-02-18 14:01:29 +09:00:     at y.getAllExceptCommon (.next/server/chunks/[root-of-the-server]__c902c7d3._.js:6:230)
2026-02-18 14:01:29 +09:00:     at C (.next/server/chunks/[root-of-the-server]__c902c7d3._.js:6:346) {
2026-02-18 14:01:29 +09:00:   code: 'ER_SP_DOES_NOT_EXIST',
2026-02-18 14:01:29 +09:00:   errno: 1305,
2026-02-18 14:01:29 +09:00:   sql: 'SELECT \n' +
2026-02-18 14:01:29 +09:00:     '        code,\n' +
2026-02-18 14:01:29 +09:00:     '        UDF_BaseCode(code, ?) AS name\n' +
2026-02-18 14:01:29 +09:00:     '      FROM T_CodeBase\n' +
2026-02-18 14:01:29 +09:00:     "      WHERE code LIKE '1001%' AND lang = ?\n" +
2026-02-18 14:01:29 +09:00:     '      ORDER BY code ASC',
2026-02-18 14:01:29 +09:00:   sqlState: '42000',
2026-02-18 14:01:29 +09:00:   sqlMessage: 'FUNCTION wwe_db.UDF_BaseCode does not exist'
2026-02-18 14:01:29 +09:00: }
2026-02-18 14:01:29 +09:00: [API 500] FUNCTION wwe_db.UDF_BaseCode does not exist
2026-02-18 14:01:29 +09:00: Database query error: Error: FUNCTION wwe_db.UDF_BaseCode does not exist
2026-02-18 14:01:29 +09:00:     at n.execute (.next/server/chunks/[root-of-the-server]__f01a33ce._.js:5:270869)
2026-02-18 14:01:29 +09:00:     at i (.next/server/chunks/[root-of-the-server]__f01a33ce._.js:5:281225)
2026-02-18 14:01:29 +09:00:     at r.findAll (.next/server/chunks/[root-of-the-server]__7f053296._.js:1:1274)
2026-02-18 14:01:29 +09:00:     at a.getAll (.next/server/chunks/[root-of-the-server]__7f053296._.js:28:398)
2026-02-18 14:01:29 +09:00:     at v (.next/server/chunks/[root-of-the-server]__60b7fd1b._.js:28:1129) {
2026-02-18 14:01:29 +09:00:   code: 'ER_SP_DOES_NOT_EXIST',
2026-02-18 14:01:29 +09:00:   errno: 1305,
2026-02-18 14:01:29 +09:00:   sql: 'SELECT \n' +
2026-02-18 14:01:29 +09:00:     '        s.유파_code,\n' +
2026-02-18 14:01:29 +09:00:     '        UDF_BaseCode(s.유파_code, ?) AS 유파,\n' +
2026-02-18 14:01:29 +09:00:     '        UDF_BaseCode(s.title, ?) AS 심법명,\n' +
2026-02-18 14:01:29 +09:00:     '        s.순서,\n' +
2026-02-18 14:01:29 +09:00:     '        s.등급,\n' +
2026-02-18 14:01:29 +09:00:     '        심법_이미지.img_path AS 심법_이미지_url,\n' +
2026-02-18 14:01:29 +09:00:     '        유파_이미지.img_path AS 유파_이미지_url\n' +
2026-02-18 14:01:29 +09:00:     '      FROM T_심법 s\n' +
2026-02-18 14:01:29 +09:00:     '      LEFT JOIN T_이미지 심법_이미지 ON s.img = 심법_이미지.id\n' +
2026-02-18 14:01:29 +09:00:     '      LEFT JOIN T_이미지 유파_이미지 ON s.유파_code = 유파_이미지.code\n' +
2026-02-18 14:01:29 +09:00:     '      ORDER BY s.유파_code, s.순서 ASC, s.created_at DESC',
2026-02-18 14:01:29 +09:00:   sqlState: '42000',
2026-02-18 14:01:29 +09:00:   sqlMessage: 'FUNCTION wwe_db.UDF_BaseCode does not exist'
2026-02-18 14:01:29 +09:00: }
2026-02-18 14:01:29 +09:00: [API 500] FUNCTION wwe_db.UDF_BaseCode does not exist
2026-02-18 14:01:29 +09:00: Database query error: Error: FUNCTION wwe_db.UDF_BaseCode does not exist
2026-02-18 14:01:29 +09:00:     at n.execute (.next/server/chunks/[root-of-the-server]__f01a33ce._.js:5:270869)
2026-02-18 14:01:29 +09:00:     at i (.next/server/chunks/[root-of-the-server]__f01a33ce._.js:5:281225)
2026-02-18 14:01:29 +09:00:     at w.findAll (.next/server/chunks/[root-of-the-server]__c902c7d3._.js:1:1517)
2026-02-18 14:01:29 +09:00:     at y.getAllExceptCommon (.next/server/chunks/[root-of-the-server]__c902c7d3._.js:6:230)
2026-02-18 14:01:29 +09:00:     at C (.next/server/chunks/[root-of-the-server]__c902c7d3._.js:6:346) {
2026-02-18 14:01:29 +09:00:   code: 'ER_SP_DOES_NOT_EXIST',
2026-02-18 14:01:29 +09:00:   errno: 1305,
2026-02-18 14:01:29 +09:00:   sql: 'SELECT \n' +
2026-02-18 14:01:29 +09:00:     '        code,\n' +
2026-02-18 14:01:29 +09:00:     '        UDF_BaseCode(code, ?) AS name\n' +
2026-02-18 14:01:29 +09:00:     '      FROM T_CodeBase\n' +
2026-02-18 14:01:29 +09:00:     "      WHERE code LIKE '1001%' AND lang = ?\n" +
2026-02-18 14:01:29 +09:00:     '      ORDER BY code ASC',
2026-02-18 14:01:29 +09:00:   sqlState: '42000',
2026-02-18 14:01:29 +09:00:   sqlMessage: 'FUNCTION wwe_db.UDF_BaseCode does not exist'
2026-02-18 14:01:29 +09:00: }
2026-02-18 14:01:29 +09:00: [API 500] FUNCTION wwe_db.UDF_BaseCode does not exist
2026-02-18 14:01:29 +09:00: Database query error: Error: FUNCTION wwe_db.UDF_BaseCode does not exist
2026-02-18 14:01:29 +09:00:     at n.execute (.next/server/chunks/[root-of-the-server]__f01a33ce._.js:5:270869)
2026-02-18 14:01:29 +09:00:     at i (.next/server/chunks/[root-of-the-server]__f01a33ce._.js:5:281225)
2026-02-18 14:01:29 +09:00:     at r.findAll (.next/server/chunks/[root-of-the-server]__7f053296._.js:1:1274)
2026-02-18 14:01:29 +09:00:     at a.getAll (.next/server/chunks/[root-of-the-server]__7f053296._.js:28:398)
2026-02-18 14:01:29 +09:00:     at v (.next/server/chunks/[root-of-the-server]__60b7fd1b._.js:28:1129) {
2026-02-18 14:01:29 +09:00:   code: 'ER_SP_DOES_NOT_EXIST',
2026-02-18 14:01:29 +09:00:   errno: 1305,
2026-02-18 14:01:29 +09:00:   sql: 'SELECT \n' +
2026-02-18 14:01:29 +09:00:     '        s.유파_code,\n' +
2026-02-18 14:01:29 +09:00:     '        UDF_BaseCode(s.유파_code, ?) AS 유파,\n' +
2026-02-18 14:01:29 +09:00:     '        UDF_BaseCode(s.title, ?) AS 심법명,\n' +
2026-02-18 14:01:29 +09:00:     '        s.순서,\n' +
2026-02-18 14:01:29 +09:00:     '        s.등급,\n' +
2026-02-18 14:01:29 +09:00:     '        심법_이미지.img_path AS 심법_이미지_url,\n' +
2026-02-18 14:01:29 +09:00:     '        유파_이미지.img_path AS 유파_이미지_url\n' +
2026-02-18 14:01:29 +09:00:     '      FROM T_심법 s\n' +
2026-02-18 14:01:29 +09:00:     '      LEFT JOIN T_이미지 심법_이미지 ON s.img = 심법_이미지.id\n' +
2026-02-18 14:01:29 +09:00:     '      LEFT JOIN T_이미지 유파_이미지 ON s.유파_code = 유파_이미지.code\n' +
2026-02-18 14:01:29 +09:00:     '      ORDER BY s.유파_code, s.순서 ASC, s.created_at DESC',
2026-02-18 14:01:29 +09:00:   sqlState: '42000',
2026-02-18 14:01:29 +09:00:   sqlMessage: 'FUNCTION wwe_db.UDF_BaseCode does not exist'
2026-02-18 14:01:29 +09:00: }
2026-02-18 14:01:29 +09:00: [API 500] FUNCTION wwe_db.UDF_BaseCode does not exist
2026-02-18 14:01:30 +09:00: Database query error: Error: FUNCTION wwe_db.UDF_BaseCode does not exist
2026-02-18 14:01:30 +09:00:     at n.execute (.next/server/chunks/[root-of-the-server]__f01a33ce._.js:5:270869)
2026-02-18 14:01:30 +09:00:     at i (.next/server/chunks/[root-of-the-server]__f01a33ce._.js:5:281225)
2026-02-18 14:01:30 +09:00:     at w.findAll (.next/server/chunks/[root-of-the-server]__c902c7d3._.js:1:1517)
2026-02-18 14:01:30 +09:00:     at y.getAllExceptCommon (.next/server/chunks/[root-of-the-server]__c902c7d3._.js:6:230)
2026-02-18 14:01:30 +09:00:     at C (.next/server/chunks/[root-of-the-server]__c902c7d3._.js:6:346) {
2026-02-18 14:01:30 +09:00:   code: 'ER_SP_DOES_NOT_EXIST',
2026-02-18 14:01:30 +09:00:   errno: 1305,
2026-02-18 14:01:30 +09:00:   sql: 'SELECT \n' +
2026-02-18 14:01:30 +09:00:     '        code,\n' +
2026-02-18 14:01:30 +09:00:     '        UDF_BaseCode(code, ?) AS name\n' +
2026-02-18 14:01:30 +09:00:     '      FROM T_CodeBase\n' +
2026-02-18 14:01:30 +09:00:     "      WHERE code LIKE '1001%' AND lang = ?\n" +
2026-02-18 14:01:30 +09:00:     '      ORDER BY code ASC',
2026-02-18 14:01:30 +09:00:   sqlState: '42000',
2026-02-18 14:01:30 +09:00:   sqlMessage: 'FUNCTION wwe_db.UDF_BaseCode does not exist'
2026-02-18 14:01:30 +09:00: }
2026-02-18 14:01:30 +09:00: [API 500] FUNCTION wwe_db.UDF_BaseCode does not exist
2026-02-18 14:01:31 +09:00: Database query error: Error: FUNCTION wwe_db.UDF_BaseCode does not exist
2026-02-18 14:01:31 +09:00:     at n.execute (.next/server/chunks/[root-of-the-server]__f01a33ce._.js:5:270869)
2026-02-18 14:01:31 +09:00:     at i (.next/server/chunks/[root-of-the-server]__f01a33ce._.js:5:281225)
2026-02-18 14:01:31 +09:00:     at r.findAll (.next/server/chunks/[root-of-the-server]__7f053296._.js:1:1274)
2026-02-18 14:01:31 +09:00:     at a.getAll (.next/server/chunks/[root-of-the-server]__7f053296._.js:28:398)
2026-02-18 14:01:31 +09:00:     at v (.next/server/chunks/[root-of-the-server]__60b7fd1b._.js:28:1129) {
2026-02-18 14:01:31 +09:00:   code: 'ER_SP_DOES_NOT_EXIST',
2026-02-18 14:01:31 +09:00:   errno: 1305,
2026-02-18 14:01:31 +09:00:   sql: 'SELECT \n' +
2026-02-18 14:01:31 +09:00:     '        s.유파_code,\n' +
2026-02-18 14:01:31 +09:00:     '        UDF_BaseCode(s.유파_code, ?) AS 유파,\n' +
2026-02-18 14:01:31 +09:00:     '        UDF_BaseCode(s.title, ?) AS 심법명,\n' +
2026-02-18 14:01:31 +09:00:     '        s.순서,\n' +
2026-02-18 14:01:31 +09:00:     '        s.등급,\n' +
2026-02-18 14:01:31 +09:00:     '        심법_이미지.img_path AS 심법_이미지_url,\n' +
2026-02-18 14:01:31 +09:00:     '        유파_이미지.img_path AS 유파_이미지_url\n' +
2026-02-18 14:01:31 +09:00:     '      FROM T_심법 s\n' +
2026-02-18 14:01:31 +09:00:     '      LEFT JOIN T_이미지 심법_이미지 ON s.img = 심법_이미지.id\n' +
2026-02-18 14:01:31 +09:00:     '      LEFT JOIN T_이미지 유파_이미지 ON s.유파_code = 유파_이미지.code\n' +
2026-02-18 14:01:31 +09:00:     '      ORDER BY s.유파_code, s.순서 ASC, s.created_at DESC',
2026-02-18 14:01:31 +09:00:   sqlState: '42000',
2026-02-18 14:01:31 +09:00:   sqlMessage: 'FUNCTION wwe_db.UDF_BaseCode does not exist'
2026-02-18 14:01:31 +09:00: }
2026-02-18 14:01:31 +09:00: [API 500] FUNCTION wwe_db.UDF_BaseCode does not exist
2026-02-18 14:01:33 +09:00: Database query error: Error: FUNCTION wwe_db.UDF_BaseCode does not exist
2026-02-18 14:01:33 +09:00:     at n.execute (.next/server/chunks/[root-of-the-server]__f01a33ce._.js:5:270869)
2026-02-18 14:01:33 +09:00:     at i (.next/server/chunks/[root-of-the-server]__f01a33ce._.js:5:281225)
2026-02-18 14:01:33 +09:00:     at w.findAll (.next/server/chunks/[root-of-the-server]__c902c7d3._.js:1:1517)
2026-02-18 14:01:33 +09:00:     at y.getAllExceptCommon (.next/server/chunks/[root-of-the-server]__c902c7d3._.js:6:230)
2026-02-18 14:01:33 +09:00:     at C (.next/server/chunks/[root-of-the-server]__c902c7d3._.js:6:346) {
2026-02-18 14:01:33 +09:00:   code: 'ER_SP_DOES_NOT_EXIST',
2026-02-18 14:01:33 +09:00:   errno: 1305,
2026-02-18 14:01:33 +09:00:   sql: 'SELECT \n' +
2026-02-18 14:01:33 +09:00:     '        code,\n' +
2026-02-18 14:01:33 +09:00:     '        UDF_BaseCode(code, ?) AS name\n' +
2026-02-18 14:01:33 +09:00:     '      FROM T_CodeBase\n' +
2026-02-18 14:01:33 +09:00:     "      WHERE code LIKE '1001%' AND lang = ?\n" +
2026-02-18 14:01:33 +09:00:     '      ORDER BY code ASC',
2026-02-18 14:01:33 +09:00:   sqlState: '42000',
2026-02-18 14:01:33 +09:00:   sqlMessage: 'FUNCTION wwe_db.UDF_BaseCode does not exist'
2026-02-18 14:01:33 +09:00: }
2026-02-18 14:01:33 +09:00: [API 500] FUNCTION wwe_db.UDF_BaseCode does not exist
2026-02-18 14:01:33 +09:00: Database query error: Error: FUNCTION wwe_db.UDF_BaseCode does not exist
2026-02-18 14:01:33 +09:00:     at n.execute (.next/server/chunks/[root-of-the-server]__f01a33ce._.js:5:270869)
2026-02-18 14:01:33 +09:00:     at i (.next/server/chunks/[root-of-the-server]__f01a33ce._.js:5:281225)
2026-02-18 14:01:33 +09:00:     at r.findAll (.next/server/chunks/[root-of-the-server]__7f053296._.js:1:1274)
2026-02-18 14:01:33 +09:00:     at a.getAll (.next/server/chunks/[root-of-the-server]__7f053296._.js:28:398)
2026-02-18 14:01:33 +09:00:     at v (.next/server/chunks/[root-of-the-server]__60b7fd1b._.js:28:1129) {
2026-02-18 14:01:33 +09:00:   code: 'ER_SP_DOES_NOT_EXIST',
2026-02-18 14:01:33 +09:00:   errno: 1305,
2026-02-18 14:01:33 +09:00:   sql: 'SELECT \n' +
2026-02-18 14:01:33 +09:00:     '        s.유파_code,\n' +
2026-02-18 14:01:33 +09:00:     '        UDF_BaseCode(s.유파_code, ?) AS 유파,\n' +
2026-02-18 14:01:33 +09:00:     '        UDF_BaseCode(s.title, ?) AS 심법명,\n' +
2026-02-18 14:01:33 +09:00:     '        s.순서,\n' +
2026-02-18 14:01:33 +09:00:     '        s.등급,\n' +
2026-02-18 14:01:33 +09:00:     '        심법_이미지.img_path AS 심법_이미지_url,\n' +
2026-02-18 14:01:33 +09:00:     '        유파_이미지.img_path AS 유파_이미지_url\n' +
2026-02-18 14:01:33 +09:00:     '      FROM T_심법 s\n' +
2026-02-18 14:01:33 +09:00:     '      LEFT JOIN T_이미지 심법_이미지 ON s.img = 심법_이미지.id\n' +
2026-02-18 14:01:33 +09:00:     '      LEFT JOIN T_이미지 유파_이미지 ON s.유파_code = 유파_이미지.code\n' +
2026-02-18 14:01:33 +09:00:     '      ORDER BY s.유파_code, s.순서 ASC, s.created_at DESC',
2026-02-18 14:01:33 +09:00:   sqlState: '42000',
2026-02-18 14:01:33 +09:00:   sqlMessage: 'FUNCTION wwe_db.UDF_BaseCode does not exist'
2026-02-18 14:01:33 +09:00: }
2026-02-18 14:01:33 +09:00: [API 500] FUNCTION wwe_db.UDF_BaseCode does not exist
2026-02-18 14:37:46 +09:00:  ⨯ The requested resource isn't a valid image for /img/심법/common/분노의참격.png received null
2026-02-18 14:37:51 +09:00:  ⨯ The requested resource isn't a valid image for /img/심법/common/제비의보은.png received null
2026-02-18 14:37:51 +09:00:  ⨯ The requested resource isn't a valid image for /img/심법/common/분노의참격.png received null
